<?xml version="1.0" encoding="UTF-8"?>
<!-- Generated by org.testng.reporters.JUnitXMLReporter -->
<testsuite ignored="0" hostname="Lenovo-IP3-Ci3-New-256SSD-1TB" failures="0" tests="3" name="Test" time="13.368" errors="0" timestamp="2024-01-10T16:15:15 IST">
  <testcase classname="com.parellel_practice.Parellel_Practice" name="google" time="6.136"/>
  <testcase classname="com.parellel_practice.Parellel_Practice" name="Adactin_login" time="8.555"/>
  <testcase classname="com.parellel_practice.Parellel_Practice" name="OrangeHrmlogin" time="13.192"/>
</testsuite> <!-- Test -->
