<?xml version="1.0" encoding="UTF-8"?>
<!-- Generated by org.testng.reporters.JUnitXMLReporter -->
<testsuite ignored="0" hostname="Lenovo-IP3-Ci3-New-256SSD-1TB" failures="0" tests="2" name="Default test" time="17.567" errors="0" timestamp="2024-01-10T16:01:41 IST">
  <testcase classname="com.parellel_practice.Parellel_Practice" name="Adactin_login" time="7.918"/>
  <testcase classname="com.parellel_practice.Parellel_Practice" name="OrangeHrmlogin" time="9.525"/>
</testsuite> <!-- Default test -->
